Using pre-set license
Built from '2021.3/staging' branch; Version is '2021.3.10f1 (1c7d0df0160b) revision 1867021'; Using compiler version '192829333'; Build Type 'Release'
OS: 'Windows 11  (10.0.22621) 64bit Core' Language: 'en' Physical Memory: 7987 MB
BatchMode: 1, IsHumanControllingUs: 0, StartBugReporterOnCrash: 0, Is64bit: 1, IsPro: 1

COMMAND LINE ARGUMENTS:
C:\Program Files\Unity\Hub\Editor\2021.3.10f1\Editor\Unity.exe
-adb2
-batchMode
-noUpm
-name
AssetImportWorker8
-projectPath
C:/Users/carol/Dropbox/PC/Downloads/ArduinoRockPaperScissors/Arduino
-logFile
Logs/AssetImportWorker8.log
-srvPort
60731
Successfully changed project path to: C:/Users/carol/Dropbox/PC/Downloads/ArduinoRockPaperScissors/Arduino
C:/Users/carol/Dropbox/PC/Downloads/ArduinoRockPaperScissors/Arduino
[UnityMemory] Configuration Parameters - Can be set up in boot.config
    "memorysetup-bucket-allocator-granularity=16"
    "memorysetup-bucket-allocator-bucket-count=8"
    "memorysetup-bucket-allocator-block-size=33554432"
    "memorysetup-bucket-allocator-block-count=8"
    "memorysetup-main-allocator-block-size=16777216"
    "memorysetup-thread-allocator-block-size=16777216"
    "memorysetup-gfx-main-allocator-block-size=16777216"
    "memorysetup-gfx-thread-allocator-block-size=16777216"
    "memorysetup-cache-allocator-block-size=4194304"
    "memorysetup-typetree-allocator-block-size=2097152"
    "memorysetup-profiler-bucket-allocator-granularity=16"
    "memorysetup-profiler-bucket-allocator-bucket-count=8"
    "memorysetup-profiler-bucket-allocator-block-size=33554432"
    "memorysetup-profiler-bucket-allocator-block-count=8"
    "memorysetup-profiler-allocator-block-size=16777216"
    "memorysetup-profiler-editor-allocator-block-size=1048576"
    "memorysetup-temp-allocator-size-main=16777216"
    "memorysetup-job-temp-allocator-block-size=2097152"
    "memorysetup-job-temp-allocator-block-size-background=1048576"
    "memorysetup-job-temp-allocator-reduction-small-platforms=262144"
    "memorysetup-temp-allocator-size-background-worker=32768"
    "memorysetup-temp-allocator-size-job-worker=262144"
    "memorysetup-temp-allocator-size-preload-manager=33554432"
    "memorysetup-temp-allocator-size-nav-mesh-worker=65536"
    "memorysetup-temp-allocator-size-audio-worker=65536"
    "memorysetup-temp-allocator-size-cloud-worker=32768"
    "memorysetup-temp-allocator-size-gi-baking-worker=262144"
    "memorysetup-temp-allocator-size-gfx=262144"
Refreshing native plugins compatible for Editor in 65.31 ms, found 3 plugins.
Preloading 0 native plugins for Editor in 0.00 ms.
Initialize engine version: 2021.3.10f1 (1c7d0df0160b)
[Subsystems] Discovering subsystems at path C:/Program Files/Unity/Hub/Editor/2021.3.10f1/Editor/Data/Resources/UnitySubsystems
[Subsystems] Discovering subsystems at path C:/Users/carol/Dropbox/PC/Downloads/ArduinoRockPaperScissors/Arduino/Assets
GfxDevice: creating device client; threaded=0; jobified=0
Direct3D:
    Version:  Direct3D 11.0 [level 11.1]
    Renderer: NVIDIA GeForce GTX 1650 (ID=0x1f9d)
    Vendor:   NVIDIA
    VRAM:     3950 MB
    Driver:   31.0.15.2756
Initialize mono
Mono path[0] = 'C:/Program Files/Unity/Hub/Editor/2021.3.10f1/Editor/Data/Managed'
Mono path[1] = 'C:/Program Files/Unity/Hub/Editor/2021.3.10f1/Editor/Data/MonoBleedingEdge/lib/mono/unityjit-win32'
Mono config path = 'C:/Program Files/Unity/Hub/Editor/2021.3.10f1/Editor/Data/MonoBleedingEdge/etc'
Using monoOptions --debugger-agent=transport=dt_socket,embedding=1,server=y,suspend=n,address=127.0.0.1:56852
Begin MonoManager ReloadAssembly
Registering precompiled unity dll's ...
Register platform support module: C:/Program Files/Unity/Hub/Editor/2021.3.10f1/Editor/Data/PlaybackEngines/WindowsStandaloneSupport/UnityEditor.WindowsStandalone.Extensions.dll
Registered in 0.005200 seconds.
Native extension for WindowsStandalone target not found
Refreshing native plugins compatible for Editor in 100.89 ms, found 3 plugins.
Preloading 0 native plugins for Editor in 0.00 ms.
Mono: successfully reloaded assembly
- Completed reload, in  0.685 seconds
Domain Reload Profiling:
	ReloadAssembly (686ms)
		BeginReloadAssembly (113ms)
			ExecutionOrderSort (0ms)
			DisableScriptedObjects (0ms)
			BackupInstance (0ms)
			ReleaseScriptingObjects (0ms)
			CreateAndSetChildDomain (1ms)
		EndReloadAssembly (478ms)
			LoadAssemblies (111ms)
			RebuildTransferFunctionScriptingTraits (0ms)
			SetupTypeCache (80ms)
			ReleaseScriptCaches (0ms)
			RebuildScriptCaches (23ms)
			SetupLoadedEditorAssemblies (332ms)
				LogAssemblyErrors (0ms)
				InitializePlatformSupportModulesInManaged (5ms)
				SetLoadedEditorAssemblies (0ms)
				RefreshPlugins (101ms)
				BeforeProcessingInitializeOnLoad (1ms)
				ProcessInitializeOnLoadAttributes (164ms)
				ProcessInitializeOnLoadMethodAttributes (60ms)
				AfterProcessingInitializeOnLoad (0ms)
				EditorAssembliesLoaded (0ms)
			ExecutionOrderSort2 (0ms)
			AwakeInstancesAfterBackupRestoration (0ms)
Platform modules already initialized, skipping
Registering precompiled user dll's ...
Registered in 0.006050 seconds.
Begin MonoManager ReloadAssembly
Symbol file LoadedFromMemory doesn't match image C:\Users\carol\Dropbox\PC\Downloads\ArduinoRockPaperScissors\Arduino\Library\PackageCache\com.unity.visualscripting@1.7.8\Editor\VisualScripting.Core\Dependencies\YamlDotNet\Unity.VisualScripting.YamlDotNet.dll
Symbol file LoadedFromMemory doesn't match image C:\Users\carol\Dropbox\PC\Downloads\ArduinoRockPaperScissors\Arduino\Library\PackageCache\com.unity.visualscripting@1.7.8\Editor\VisualScripting.Core\Dependencies\DotNetZip\Unity.VisualScripting.IonicZip.dll
Native extension for WindowsStandalone target not found
Refreshing native plugins compatible for Editor in 0.61 ms, found 3 plugins.
Preloading 0 native plugins for Editor in 0.00 ms.
Mono: successfully reloaded assembly
- Completed reload, in  1.037 seconds
Domain Reload Profiling:
	ReloadAssembly (1038ms)
		BeginReloadAssembly (84ms)
			ExecutionOrderSort (0ms)
			DisableScriptedObjects (4ms)
			BackupInstance (0ms)
			ReleaseScriptingObjects (0ms)
			CreateAndSetChildDomain (16ms)
		EndReloadAssembly (878ms)
			LoadAssemblies (97ms)
			RebuildTransferFunctionScriptingTraits (0ms)
			SetupTypeCache (241ms)
			ReleaseScriptCaches (1ms)
			RebuildScriptCaches (47ms)
			SetupLoadedEditorAssemblies (439ms)
				LogAssemblyErrors (0ms)
				InitializePlatformSupportModulesInManaged (11ms)
				SetLoadedEditorAssemblies (0ms)
				RefreshPlugins (1ms)
				BeforeProcessingInitializeOnLoad (77ms)
				ProcessInitializeOnLoadAttributes (294ms)
				ProcessInitializeOnLoadMethodAttributes (47ms)
				AfterProcessingInitializeOnLoad (8ms)
				EditorAssembliesLoaded (1ms)
			ExecutionOrderSort2 (0ms)
			AwakeInstancesAfterBackupRestoration (8ms)
Platform modules already initialized, skipping
========================================================================
Worker process is ready to serve import requests
Launched and connected shader compiler UnityShaderCompiler.exe after 0.06 seconds
Refreshing native plugins compatible for Editor in 0.54 ms, found 3 plugins.
Preloading 0 native plugins for Editor in 0.00 ms.
Unloading 3406 Unused Serialized files (Serialized files now loaded: 0)
Unloading 27 unused Assets / (113.4 KB). Loaded Objects now: 3864.
Memory consumption went from 118.9 MB to 118.8 MB.
Total: 3.558100 ms (FindLiveObjects: 0.247700 ms CreateObjectMapping: 0.096800 ms MarkObjects: 3.080400 ms  DeleteObjects: 0.132300 ms)

AssetImportParameters requested are different than current active one (requested -> active):
  custom:video-decoder-ogg-theora: a1e56fd34408186e4bbccfd4996cb3dc -> 
  custom:container-muxer-webm: aa71ff27fc2769a1b78a27578f13a17b -> 
  custom:container-demuxer-webm: 4f35f7cbe854078d1ac9338744f61a02 -> 
  custom:video-encoder-webm-vp8: eb34c28f22e8b96e1ab97ce403110664 -> 
  custom:audio-encoder-webm-vorbis: bf7c407c2cedff20999df2af8eb42d56 -> 
  custom:framework-win-MediaFoundation: 216162199b28c13a410421893ffa2e32 -> 
  custom:container-demuxer-ogg: 62fdf1f143b41e24485cea50d1cbac27 -> 
  custom:video-decoder-webm-vp8: 9c59270c3fd7afecdb556c50c9e8de78 -> 
  custom:audio-decoder-ogg-vorbis: bf7c407c2cedff20999df2af8eb42d56 -> 
========================================================================
Received Import Request.
  Time since last request: 392779.964360 seconds.
  path: Assets/UI/RPS_Pause2.png
  artifactKey: Guid(7a8ea17f3633d9448994c66c39ca4da6) Importer(815301076,1909f56bfc062723c751e8b465ee728b)
Start importing Assets/UI/RPS_Pause2.png using Guid(7a8ea17f3633d9448994c66c39ca4da6) Importer(815301076,1909f56bfc062723c751e8b465ee728b)  -> (artifact id: 'c9197fa39821b603abbd2eb7615fbcb3') in 0.080512 seconds 
========================================================================
Received Import Request.
  Time since last request: 11.783232 seconds.
  path: Assets/UI/RPS_Pause_Hover.png
  artifactKey: Guid(c3434df32d8fe374f9f10d37e5ebcd3b) Importer(815301076,1909f56bfc062723c751e8b465ee728b)
Start importing Assets/UI/RPS_Pause_Hover.png using Guid(c3434df32d8fe374f9f10d37e5ebcd3b) Importer(815301076,1909f56bfc062723c751e8b465ee728b)  -> (artifact id: '991ea9bc9c8fcda0ee4a7b3c6441a1f8') in 0.020134 seconds 
========================================================================
Received Import Request.
  Time since last request: 7.324099 seconds.
  path: Assets/UI/RPS_Pause.png
  artifactKey: Guid(7a8ea17f3633d9448994c66c39ca4da6) Importer(815301076,1909f56bfc062723c751e8b465ee728b)
Start importing Assets/UI/RPS_Pause.png using Guid(7a8ea17f3633d9448994c66c39ca4da6) Importer(815301076,1909f56bfc062723c751e8b465ee728b)  -> (artifact id: '544ace87183f8da34cb2a0b0f70f7313') in 0.010006 seconds 
========================================================================
Received Import Request.
  Time since last request: 10.941099 seconds.
  path: Assets/UI/RPS_Play_Hover.png
  artifactKey: Guid(47886685049f1ce4ba79e8b14b939ba1) Importer(815301076,1909f56bfc062723c751e8b465ee728b)
Start importing Assets/UI/RPS_Play_Hover.png using Guid(47886685049f1ce4ba79e8b14b939ba1) Importer(815301076,1909f56bfc062723c751e8b465ee728b)  -> (artifact id: '571196344c08d07d2dd5a4775975bcbc') in 0.015459 seconds 
========================================================================
Received Import Request.
  Time since last request: 10.303092 seconds.
  path: Assets/UI/RPS_Quit_Hover.png
  artifactKey: Guid(6452605d132e98744aa073daebee8b65) Importer(815301076,1909f56bfc062723c751e8b465ee728b)
Start importing Assets/UI/RPS_Quit_Hover.png using Guid(6452605d132e98744aa073daebee8b65) Importer(815301076,1909f56bfc062723c751e8b465ee728b)  -> (artifact id: 'cb79100abe38b60fb7d1eda61d0b0ca8') in 0.016703 seconds 
========================================================================
Received Import Request.
  Time since last request: 15.012679 seconds.
  path: Assets/UI/RPS_Try_Hover.png
  artifactKey: Guid(44c1d0413fb69634ab532a4b594ad088) Importer(815301076,1909f56bfc062723c751e8b465ee728b)
Start importing Assets/UI/RPS_Try_Hover.png using Guid(44c1d0413fb69634ab532a4b594ad088) Importer(815301076,1909f56bfc062723c751e8b465ee728b)  -> (artifact id: 'd5c8170e6eda962ecebf1ce738e52e61') in 0.014262 seconds 
========================================================================
Received Import Request.
  Time since last request: 22.266249 seconds.
  path: Assets/UI/RPS_Main_Hover.png
  artifactKey: Guid(fccee57a833e3cc4eaa590deed1cb8ba) Importer(815301076,1909f56bfc062723c751e8b465ee728b)
Start importing Assets/UI/RPS_Main_Hover.png using Guid(fccee57a833e3cc4eaa590deed1cb8ba) Importer(815301076,1909f56bfc062723c751e8b465ee728b)  -> (artifact id: '217198ed3c20ed8cc492a8dc0d08f1c5') in 0.014248 seconds 
========================================================================
Received Import Request.
  Time since last request: 12.058990 seconds.
  path: Assets/UI/RPS_How_Hover.png
  artifactKey: Guid(71999cdc67addbe4daa1e04bc37ccca7) Importer(815301076,1909f56bfc062723c751e8b465ee728b)
Start importing Assets/UI/RPS_How_Hover.png using Guid(71999cdc67addbe4daa1e04bc37ccca7) Importer(815301076,1909f56bfc062723c751e8b465ee728b)  -> (artifact id: '1810e9b74aab37f67a1153bd2b219fed') in 0.014199 seconds 
========================================================================
Received Import Request.
  Time since last request: 16.059072 seconds.
  path: Assets/UI/RPS_How_Hover.png
  artifactKey: Guid(71999cdc67addbe4daa1e04bc37ccca7) Importer(815301076,1909f56bfc062723c751e8b465ee728b)
Start importing Assets/UI/RPS_How_Hover.png using Guid(71999cdc67addbe4daa1e04bc37ccca7) Importer(815301076,1909f56bfc062723c751e8b465ee728b)  -> (artifact id: '9cecd54fd902ee31b9f070c28c22bec9') in 0.029105 seconds 
========================================================================
Received Import Request.
  Time since last request: 0.000079 seconds.
  path: Assets/UI/RPS_Play_Hover.png
  artifactKey: Guid(47886685049f1ce4ba79e8b14b939ba1) Importer(815301076,1909f56bfc062723c751e8b465ee728b)
Start importing Assets/UI/RPS_Play_Hover.png using Guid(47886685049f1ce4ba79e8b14b939ba1) Importer(815301076,1909f56bfc062723c751e8b465ee728b)  -> (artifact id: '9d2314f37528f2bc3870cbd9a3244f24') in 0.040018 seconds 
========================================================================
Received Import Request.
  Time since last request: 0.000097 seconds.
  path: Assets/UI/RPS_Try_Hover.png
  artifactKey: Guid(44c1d0413fb69634ab532a4b594ad088) Importer(815301076,1909f56bfc062723c751e8b465ee728b)
Start importing Assets/UI/RPS_Try_Hover.png using Guid(44c1d0413fb69634ab532a4b594ad088) Importer(815301076,1909f56bfc062723c751e8b465ee728b)  -> (artifact id: '530096ac69c54593feacaaf3c731e131') in 0.033959 seconds 
========================================================================
Received Import Request.
  Time since last request: 0.000054 seconds.
  path: Assets/UI/RPS_Pause.png
  artifactKey: Guid(7a8ea17f3633d9448994c66c39ca4da6) Importer(815301076,1909f56bfc062723c751e8b465ee728b)
Start importing Assets/UI/RPS_Pause.png using Guid(7a8ea17f3633d9448994c66c39ca4da6) Importer(815301076,1909f56bfc062723c751e8b465ee728b)  -> (artifact id: 'd1c3fa59f65b497f9a3dcec5060fb422') in 0.028161 seconds 
========================================================================
Received Import Request.
  Time since last request: 44.558798 seconds.
  path: Assets/UI/RPS_Play_Hover.png
  artifactKey: Guid(47886685049f1ce4ba79e8b14b939ba1) Importer(815301076,1909f56bfc062723c751e8b465ee728b)
Start importing Assets/UI/RPS_Play_Hover.png using Guid(47886685049f1ce4ba79e8b14b939ba1) Importer(815301076,1909f56bfc062723c751e8b465ee728b)  -> (artifact id: 'f82211d713ea6814913ea416fd7ab6e2') in 0.073174 seconds 
========================================================================
Received Prepare
Registering precompiled user dll's ...
Registered in 0.004882 seconds.
Begin MonoManager ReloadAssembly
Symbol file LoadedFromMemory doesn't match image C:\Users\carol\Dropbox\PC\Downloads\ArduinoRockPaperScissors\Arduino\Library\PackageCache\com.unity.visualscripting@1.7.8\Editor\VisualScripting.Core\Dependencies\YamlDotNet\Unity.VisualScripting.YamlDotNet.dll
Symbol file LoadedFromMemory doesn't match image C:\Users\carol\Dropbox\PC\Downloads\ArduinoRockPaperScissors\Arduino\Library\PackageCache\com.unity.visualscripting@1.7.8\Editor\VisualScripting.Core\Dependencies\DotNetZip\Unity.VisualScripting.IonicZip.dll
Native extension for WindowsStandalone target not found
Refreshing native plugins compatible for Editor in 1.30 ms, found 3 plugins.
Preloading 0 native plugins for Editor in 0.00 ms.
Mono: successfully reloaded assembly
- Completed reload, in  1.278 seconds
Domain Reload Profiling:
	ReloadAssembly (1278ms)
		BeginReloadAssembly (150ms)
			ExecutionOrderSort (0ms)
			DisableScriptedObjects (5ms)
			BackupInstance (0ms)
			ReleaseScriptingObjects (0ms)
			CreateAndSetChildDomain (42ms)
		EndReloadAssembly (1007ms)
			LoadAssemblies (110ms)
			RebuildTransferFunctionScriptingTraits (0ms)
			SetupTypeCache (281ms)
			ReleaseScriptCaches (4ms)
			RebuildScriptCaches (57ms)
			SetupLoadedEditorAssemblies (484ms)
				LogAssemblyErrors (0ms)
				InitializePlatformSupportModulesInManaged (17ms)
				SetLoadedEditorAssemblies (1ms)
				RefreshPlugins (2ms)
				BeforeProcessingInitializeOnLoad (86ms)
				ProcessInitializeOnLoadAttributes (312ms)
				ProcessInitializeOnLoadMethodAttributes (55ms)
				AfterProcessingInitializeOnLoad (11ms)
				EditorAssembliesLoaded (0ms)
			ExecutionOrderSort2 (0ms)
			AwakeInstancesAfterBackupRestoration (12ms)
Platform modules already initialized, skipping
Refreshing native plugins compatible for Editor in 3.07 ms, found 3 plugins.
Preloading 0 native plugins for Editor in 0.00 ms.
Unloading 3388 Unused Serialized files (Serialized files now loaded: 0)
Unloading 20 unused Assets / (80.0 KB). Loaded Objects now: 3876.
Memory consumption went from 121.8 MB to 121.7 MB.
Total: 4.407900 ms (FindLiveObjects: 0.515800 ms CreateObjectMapping: 0.249400 ms MarkObjects: 3.525500 ms  DeleteObjects: 0.115500 ms)

AssetImportParameters requested are different than current active one (requested -> active):
  custom:video-decoder-ogg-theora: a1e56fd34408186e4bbccfd4996cb3dc -> 
  custom:container-muxer-webm: aa71ff27fc2769a1b78a27578f13a17b -> 
  custom:container-demuxer-webm: 4f35f7cbe854078d1ac9338744f61a02 -> 
  custom:video-encoder-webm-vp8: eb34c28f22e8b96e1ab97ce403110664 -> 
  custom:audio-encoder-webm-vorbis: bf7c407c2cedff20999df2af8eb42d56 -> 
  custom:framework-win-MediaFoundation: 216162199b28c13a410421893ffa2e32 -> 
  custom:container-demuxer-ogg: 62fdf1f143b41e24485cea50d1cbac27 -> 
  custom:video-decoder-webm-vp8: 9c59270c3fd7afecdb556c50c9e8de78 -> 
  custom:audio-decoder-ogg-vorbis: bf7c407c2cedff20999df2af8eb42d56 -> 
========================================================================
Received Prepare
Registering precompiled user dll's ...
Registered in 0.007144 seconds.
Begin MonoManager ReloadAssembly
Symbol file LoadedFromMemory doesn't match image C:\Users\carol\Dropbox\PC\Downloads\ArduinoRockPaperScissors\Arduino\Library\PackageCache\com.unity.visualscripting@1.7.8\Editor\VisualScripting.Core\Dependencies\YamlDotNet\Unity.VisualScripting.YamlDotNet.dll
Symbol file LoadedFromMemory doesn't match image C:\Users\carol\Dropbox\PC\Downloads\ArduinoRockPaperScissors\Arduino\Library\PackageCache\com.unity.visualscripting@1.7.8\Editor\VisualScripting.Core\Dependencies\DotNetZip\Unity.VisualScripting.IonicZip.dll
Native extension for WindowsStandalone target not found
Refreshing native plugins compatible for Editor in 0.80 ms, found 3 plugins.
Preloading 0 native plugins for Editor in 0.00 ms.
Mono: successfully reloaded assembly
- Completed reload, in  1.214 seconds
Domain Reload Profiling:
	ReloadAssembly (1215ms)
		BeginReloadAssembly (131ms)
			ExecutionOrderSort (0ms)
			DisableScriptedObjects (4ms)
			BackupInstance (0ms)
			ReleaseScriptingObjects (0ms)
			CreateAndSetChildDomain (38ms)
		EndReloadAssembly (982ms)
			LoadAssemblies (91ms)
			RebuildTransferFunctionScriptingTraits (0ms)
			SetupTypeCache (298ms)
			ReleaseScriptCaches (2ms)
			RebuildScriptCaches (52ms)
			SetupLoadedEditorAssemblies (482ms)
				LogAssemblyErrors (0ms)
				InitializePlatformSupportModulesInManaged (19ms)
				SetLoadedEditorAssemblies (0ms)
				RefreshPlugins (1ms)
				BeforeProcessingInitializeOnLoad (84ms)
				ProcessInitializeOnLoadAttributes (325ms)
				ProcessInitializeOnLoadMethodAttributes (44ms)
				AfterProcessingInitializeOnLoad (8ms)
				EditorAssembliesLoaded (0ms)
			ExecutionOrderSort2 (0ms)
			AwakeInstancesAfterBackupRestoration (9ms)
Platform modules already initialized, skipping
Refreshing native plugins compatible for Editor in 2.53 ms, found 3 plugins.
Preloading 0 native plugins for Editor in 0.00 ms.
Unloading 3388 Unused Serialized files (Serialized files now loaded: 0)
Unloading 20 unused Assets / (80.0 KB). Loaded Objects now: 3879.
Memory consumption went from 121.8 MB to 121.7 MB.
Total: 3.673400 ms (FindLiveObjects: 0.396500 ms CreateObjectMapping: 0.155500 ms MarkObjects: 2.982300 ms  DeleteObjects: 0.135900 ms)

AssetImportParameters requested are different than current active one (requested -> active):
  custom:video-decoder-ogg-theora: a1e56fd34408186e4bbccfd4996cb3dc -> 
  custom:container-muxer-webm: aa71ff27fc2769a1b78a27578f13a17b -> 
  custom:container-demuxer-webm: 4f35f7cbe854078d1ac9338744f61a02 -> 
  custom:video-encoder-webm-vp8: eb34c28f22e8b96e1ab97ce403110664 -> 
  custom:audio-encoder-webm-vorbis: bf7c407c2cedff20999df2af8eb42d56 -> 
  custom:framework-win-MediaFoundation: 216162199b28c13a410421893ffa2e32 -> 
  custom:container-demuxer-ogg: 62fdf1f143b41e24485cea50d1cbac27 -> 
  custom:video-decoder-webm-vp8: 9c59270c3fd7afecdb556c50c9e8de78 -> 
  custom:audio-decoder-ogg-vorbis: bf7c407c2cedff20999df2af8eb42d56 -> 
========================================================================
Received Import Request.
  Time since last request: 134.588007 seconds.
  path: Assets/UI/RPS_How_Hover.png
  artifactKey: Guid(71999cdc67addbe4daa1e04bc37ccca7) Importer(815301076,1909f56bfc062723c751e8b465ee728b)
Start importing Assets/UI/RPS_How_Hover.png using Guid(71999cdc67addbe4daa1e04bc37ccca7) Importer(815301076,1909f56bfc062723c751e8b465ee728b)  -> (artifact id: 'fbedcf1282a02950a429112e86730f5f') in 0.070980 seconds 
========================================================================
Received Import Request.
  Time since last request: 43.901310 seconds.
  path: Assets/UI/RPS_Quit_Hover.png
  artifactKey: Guid(6452605d132e98744aa073daebee8b65) Importer(815301076,1909f56bfc062723c751e8b465ee728b)
Start importing Assets/UI/RPS_Quit_Hover.png using Guid(6452605d132e98744aa073daebee8b65) Importer(815301076,1909f56bfc062723c751e8b465ee728b)  -> (artifact id: '055ba28257b4a67fb3aec57f6e7b62b6') in 0.028818 seconds 
========================================================================
Received Prepare
Registering precompiled user dll's ...
Registered in 0.004259 seconds.
Begin MonoManager ReloadAssembly
Symbol file LoadedFromMemory doesn't match image C:\Users\carol\Dropbox\PC\Downloads\ArduinoRockPaperScissors\Arduino\Library\PackageCache\com.unity.visualscripting@1.7.8\Editor\VisualScripting.Core\Dependencies\YamlDotNet\Unity.VisualScripting.YamlDotNet.dll
Symbol file LoadedFromMemory doesn't match image C:\Users\carol\Dropbox\PC\Downloads\ArduinoRockPaperScissors\Arduino\Library\PackageCache\com.unity.visualscripting@1.7.8\Editor\VisualScripting.Core\Dependencies\DotNetZip\Unity.VisualScripting.IonicZip.dll
Native extension for WindowsStandalone target not found
Refreshing native plugins compatible for Editor in 0.64 ms, found 3 plugins.
Preloading 0 native plugins for Editor in 0.00 ms.
Mono: successfully reloaded assembly
- Completed reload, in  1.224 seconds
Domain Reload Profiling:
	ReloadAssembly (1225ms)
		BeginReloadAssembly (136ms)
			ExecutionOrderSort (0ms)
			DisableScriptedObjects (4ms)
			BackupInstance (0ms)
			ReleaseScriptingObjects (0ms)
			CreateAndSetChildDomain (40ms)
		EndReloadAssembly (984ms)
			LoadAssemblies (100ms)
			RebuildTransferFunctionScriptingTraits (0ms)
			SetupTypeCache (306ms)
			ReleaseScriptCaches (2ms)
			RebuildScriptCaches (65ms)
			SetupLoadedEditorAssemblies (438ms)
				LogAssemblyErrors (0ms)
				InitializePlatformSupportModulesInManaged (19ms)
				SetLoadedEditorAssemblies (0ms)
				RefreshPlugins (1ms)
				BeforeProcessingInitializeOnLoad (83ms)
				ProcessInitializeOnLoadAttributes (286ms)
				ProcessInitializeOnLoadMethodAttributes (39ms)
				AfterProcessingInitializeOnLoad (9ms)
				EditorAssembliesLoaded (0ms)
			ExecutionOrderSort2 (0ms)
			AwakeInstancesAfterBackupRestoration (9ms)
Platform modules already initialized, skipping
Refreshing native plugins compatible for Editor in 2.87 ms, found 3 plugins.
Preloading 0 native plugins for Editor in 0.00 ms.
Unloading 3388 Unused Serialized files (Serialized files now loaded: 0)
Unloading 20 unused Assets / (80.0 KB). Loaded Objects now: 3882.
Memory consumption went from 121.8 MB to 121.8 MB.
Total: 4.133000 ms (FindLiveObjects: 0.836600 ms CreateObjectMapping: 0.266100 ms MarkObjects: 2.900400 ms  DeleteObjects: 0.126500 ms)

AssetImportParameters requested are different than current active one (requested -> active):
  custom:video-decoder-ogg-theora: a1e56fd34408186e4bbccfd4996cb3dc -> 
  custom:container-muxer-webm: aa71ff27fc2769a1b78a27578f13a17b -> 
  custom:container-demuxer-webm: 4f35f7cbe854078d1ac9338744f61a02 -> 
  custom:video-encoder-webm-vp8: eb34c28f22e8b96e1ab97ce403110664 -> 
  custom:audio-encoder-webm-vorbis: bf7c407c2cedff20999df2af8eb42d56 -> 
  custom:framework-win-MediaFoundation: 216162199b28c13a410421893ffa2e32 -> 
  custom:container-demuxer-ogg: 62fdf1f143b41e24485cea50d1cbac27 -> 
  custom:video-decoder-webm-vp8: 9c59270c3fd7afecdb556c50c9e8de78 -> 
  custom:audio-decoder-ogg-vorbis: bf7c407c2cedff20999df2af8eb42d56 -> 
